This file contains any messages produced by compilers while
running configure, to aid debugging if configure makes a mistake.

It was created by kexec-tools configure 2.0.20, which was
generated by GNU Autoconf 2.69.  Invocation command line was

  $ ./configure ARCH=arm64 --build=x86_64-linux-gnu --host=aarch64-linux-gnu --target=aarch64-linux-gnu --without-xen

## --------- ##
## Platform. ##
## --------- ##

hostname = Cloud
uname -m = x86_64
uname -r = 4.15.0-101-generic
uname -s = Linux
uname -v = #102-Ubuntu SMP Mon May 11 10:07:26 UTC 2020

/usr/bin/uname -p = unknown
/bin/uname -X     = unknown

/bin/arch              = unknown
/usr/bin/arch -k       = unknown
/usr/convex/getsysinfo = unknown
/usr/bin/hostinfo      = unknown
/bin/machine           = unknown
/usr/bin/oslevel       = unknown
/bin/universe          = unknown

PATH: /opt/hisi-linux/x86-arm/aarch64-himix100-linux/bin
PATH: /usr/local/sbin
PATH: /usr/local/bin
PATH: /usr/sbin
PATH: /usr/bin
PATH: /sbin
PATH: /bin
PATH: /usr/games
PATH: /usr/local/games
PATH: /snap/bin


## ----------- ##
## Core tests. ##
## ----------- ##

configure:2130: checking for aarch64-linux-gnu-gcc
configure:2146: found /usr/bin/aarch64-linux-gnu-gcc
configure:2157: result: aarch64-linux-gnu-gcc
configure:2426: checking for C compiler version
configure:2435: aarch64-linux-gnu-gcc --version >&5
aarch64-linux-gnu-gcc (Ubuntu/Linaro 7.5.0-3ubuntu1~18.04) 7.5.0
Copyright (C) 2017 Free Software Foundation, Inc.
This is free software; see the source for copying conditions.  There is NO
warranty; not even for MERCHANTABILITY or FITNESS FOR A PARTICULAR PURPOSE.

configure:2446: $? = 0
configure:2435: aarch64-linux-gnu-gcc -v >&5
Using built-in specs.
COLLECT_GCC=aarch64-linux-gnu-gcc
COLLECT_LTO_WRAPPER=/usr/lib/gcc-cross/aarch64-linux-gnu/7/lto-wrapper
Target: aarch64-linux-gnu
Configured with: ../src/configure -v --with-pkgversion='Ubuntu/Linaro 7.5.0-3ubuntu1~18.04' --with-bugurl=file:///usr/share/doc/gcc-7/README.Bugs --enable-languages=c,ada,c++,go,d,fortran,objc,obj-c++ --prefix=/usr --with-gcc-major-version-only --program-suffix=-7 --enable-shared --enable-linker-build-id --libexecdir=/usr/lib --without-included-gettext --enable-threads=posix --libdir=/usr/lib --enable-nls --with-sysroot=/ --enable-clocale=gnu --enable-libstdcxx-debug --enable-libstdcxx-time=yes --with-default-libstdcxx-abi=new --enable-gnu-unique-object --disable-libquadmath --disable-libquadmath-support --enable-plugin --enable-default-pie --with-system-zlib --enable-multiarch --enable-fix-cortex-a53-843419 --disable-werror --enable-checking=release --build=x86_64-linux-gnu --host=x86_64-linux-gnu --target=aarch64-linux-gnu --program-prefix=aarch64-linux-gnu- --includedir=/usr/aarch64-linux-gnu/include
Thread model: posix
gcc version 7.5.0 (Ubuntu/Linaro 7.5.0-3ubuntu1~18.04) 
configure:2446: $? = 0
configure:2435: aarch64-linux-gnu-gcc -V >&5
aarch64-linux-gnu-gcc: error: unrecognized command line option '-V'
aarch64-linux-gnu-gcc: fatal error: no input files
compilation terminated.
configure:2446: $? = 1
configure:2435: aarch64-linux-gnu-gcc -qversion >&5
aarch64-linux-gnu-gcc: error: unrecognized command line option '-qversion'; did you mean '--version'?
aarch64-linux-gnu-gcc: fatal error: no input files
compilation terminated.
configure:2446: $? = 1
configure:2466: checking whether the C compiler works
configure:2488: aarch64-linux-gnu-gcc   -static conftest.c  >&5
configure:2492: $? = 0
configure:2540: result: yes
configure:2543: checking for C compiler default output file name
configure:2545: result: a.out
configure:2551: checking for suffix of executables
configure:2558: aarch64-linux-gnu-gcc -o conftest   -static conftest.c  >&5
configure:2562: $? = 0
configure:2584: result: 
configure:2606: checking whether we are cross compiling
configure:2644: result: yes
configure:2649: checking for suffix of object files
configure:2671: aarch64-linux-gnu-gcc -c   conftest.c >&5
configure:2675: $? = 0
configure:2696: result: o
configure:2700: checking whether we are using the GNU C compiler
configure:2719: aarch64-linux-gnu-gcc -c   conftest.c >&5
configure:2719: $? = 0
configure:2728: result: yes
configure:2737: checking whether aarch64-linux-gnu-gcc accepts -g
configure:2757: aarch64-linux-gnu-gcc -c -g  conftest.c >&5
configure:2757: $? = 0
configure:2798: result: yes
configure:2815: checking for aarch64-linux-gnu-gcc option to accept ISO C89
configure:2878: aarch64-linux-gnu-gcc  -c -g -O2  conftest.c >&5
configure:2878: $? = 0
configure:2891: result: none needed
configure:2917: checking build system type
configure:2931: result: x86_64-pc-linux-gnu
configure:2951: checking host system type
configure:2964: result: aarch64-unknown-linux-gnu
configure:2984: checking target system type
configure:2997: result: aarch64-unknown-linux-gnu
configure:3139: checking for x86_64-linux-gnu-gcc
configure:3155: found /usr/bin/x86_64-linux-gnu-gcc
configure:3166: result: x86_64-linux-gnu-gcc
configure:3186: checking how to run the C preprocessor
configure:3217: aarch64-linux-gnu-gcc -E  conftest.c
configure:3217: $? = 0
configure:3231: aarch64-linux-gnu-gcc -E  conftest.c
conftest.c:9:10: fatal error: ac_nonexistent.h: No such file or directory
 #include <ac_nonexistent.h>
          ^~~~~~~~~~~~~~~~~~
compilation terminated.
configure:3231: $? = 1
configure: failed program was:
| /* confdefs.h */
| #define PACKAGE_NAME "kexec-tools"
| #define PACKAGE_TARNAME "kexec-tools"
| #define PACKAGE_VERSION "2.0.20"
| #define PACKAGE_STRING "kexec-tools 2.0.20"
| #define PACKAGE_BUGREPORT ""
| #define PACKAGE_URL ""
| /* end confdefs.h.  */
| #include <ac_nonexistent.h>
configure:3256: result: aarch64-linux-gnu-gcc -E
configure:3276: aarch64-linux-gnu-gcc -E  conftest.c
configure:3276: $? = 0
configure:3290: aarch64-linux-gnu-gcc -E  conftest.c
conftest.c:9:10: fatal error: ac_nonexistent.h: No such file or directory
 #include <ac_nonexistent.h>
          ^~~~~~~~~~~~~~~~~~
compilation terminated.
configure:3290: $? = 1
configure: failed program was:
| /* confdefs.h */
| #define PACKAGE_NAME "kexec-tools"
| #define PACKAGE_TARNAME "kexec-tools"
| #define PACKAGE_VERSION "2.0.20"
| #define PACKAGE_STRING "kexec-tools 2.0.20"
| #define PACKAGE_BUGREPORT ""
| #define PACKAGE_URL ""
| /* end confdefs.h.  */
| #include <ac_nonexistent.h>
configure:3321: checking for aarch64-linux-gnu-ld
configure:3337: found /usr/bin/aarch64-linux-gnu-ld
configure:3348: result: aarch64-linux-gnu-ld
configure:3413: checking for aarch64-linux-gnu-as
configure:3429: found /usr/bin/aarch64-linux-gnu-as
configure:3440: result: aarch64-linux-gnu-as
configure:3505: checking for aarch64-linux-gnu-objcopy
configure:3521: found /usr/bin/aarch64-linux-gnu-objcopy
configure:3532: result: aarch64-linux-gnu-objcopy
configure:3597: checking for aarch64-linux-gnu-ar
configure:3613: found /usr/bin/aarch64-linux-gnu-ar
configure:3624: result: aarch64-linux-gnu-ar
configure:3689: checking for aarch64-linux-gnu-strip
configure:3705: found /usr/bin/aarch64-linux-gnu-strip
configure:3716: result: aarch64-linux-gnu-strip
configure:3869: checking whether aarch64-linux-gnu-gcc accepts -fno-zero-initialized-in-bss
configure:3887: aarch64-linux-gnu-gcc -c -g -O2 -fno-zero-initialized-in-bss  conftest.c >&5
configure:3887: $? = 0
configure:3889: result: Yes
configure:3916: checking for a BSD-compatible install
configure:3984: result: /usr/bin/install -c
configure:3997: checking for mkdir
configure:4013: found /bin/mkdir
configure:4025: result: mkdir
configure:4035: checking for rm
configure:4051: found /bin/rm
configure:4063: result: rm
configure:4073: checking for cp
configure:4089: found /bin/cp
configure:4101: result: cp
configure:4111: checking for ln
configure:4127: found /bin/ln
configure:4139: result: ln
configure:4149: checking for tar
configure:4165: found /bin/tar
configure:4177: result: tar
configure:4187: checking for rpmbuild
configure:4203: found /usr/bin/rpmbuild
configure:4215: result: rpmbuild
configure:4225: checking for sed
configure:4241: found /bin/sed
configure:4253: result: sed
configure:4263: checking for find
configure:4279: found /usr/bin/find
configure:4291: result: find
configure:4301: checking for xargs
configure:4317: found /usr/bin/xargs
configure:4329: result: xargs
configure:4339: checking for dirname
configure:4355: found /usr/bin/dirname
configure:4367: result: dirname
configure:4378: checking for grep that handles long lines and -e
configure:4436: result: /bin/grep
configure:4441: checking for egrep
configure:4503: result: /bin/grep -E
configure:4508: checking for ANSI C header files
configure:4528: aarch64-linux-gnu-gcc -c -g -O2  conftest.c >&5
configure:4528: $? = 0
configure:4612: result: yes
configure:4625: checking for sys/types.h
configure:4625: aarch64-linux-gnu-gcc -c -g -O2  conftest.c >&5
configure:4625: $? = 0
configure:4625: result: yes
configure:4625: checking for sys/stat.h
configure:4625: aarch64-linux-gnu-gcc -c -g -O2  conftest.c >&5
configure:4625: $? = 0
configure:4625: result: yes
configure:4625: checking for stdlib.h
configure:4625: aarch64-linux-gnu-gcc -c -g -O2  conftest.c >&5
configure:4625: $? = 0
configure:4625: result: yes
configure:4625: checking for string.h
configure:4625: aarch64-linux-gnu-gcc -c -g -O2  conftest.c >&5
configure:4625: $? = 0
configure:4625: result: yes
configure:4625: checking for memory.h
configure:4625: aarch64-linux-gnu-gcc -c -g -O2  conftest.c >&5
configure:4625: $? = 0
configure:4625: result: yes
configure:4625: checking for strings.h
configure:4625: aarch64-linux-gnu-gcc -c -g -O2  conftest.c >&5
configure:4625: $? = 0
configure:4625: result: yes
configure:4625: checking for inttypes.h
configure:4625: aarch64-linux-gnu-gcc -c -g -O2  conftest.c >&5
configure:4625: $? = 0
configure:4625: result: yes
configure:4625: checking for stdint.h
configure:4625: aarch64-linux-gnu-gcc -c -g -O2  conftest.c >&5
configure:4625: $? = 0
configure:4625: result: yes
configure:4625: checking for unistd.h
configure:4625: aarch64-linux-gnu-gcc -c -g -O2  conftest.c >&5
configure:4625: $? = 0
configure:4625: result: yes
configure:4637: checking zlib.h usability
configure:4637: aarch64-linux-gnu-gcc -c -g -O2  conftest.c >&5
configure:4637: $? = 0
configure:4637: result: yes
configure:4637: checking zlib.h presence
configure:4637: aarch64-linux-gnu-gcc -E  conftest.c
configure:4637: $? = 0
configure:4637: result: yes
configure:4637: checking for zlib.h
configure:4637: result: yes
configure:4639: checking for inflateInit_ in -lz
configure:4664: aarch64-linux-gnu-gcc -o conftest -g -O2  -static conftest.c -lz   >&5
/usr/lib/gcc-cross/aarch64-linux-gnu/7/../../../../aarch64-linux-gnu/bin/ld: cannot find -lz
collect2: error: ld returned 1 exit status
configure:4664: $? = 1
configure: failed program was:
| /* confdefs.h */
| #define PACKAGE_NAME "kexec-tools"
| #define PACKAGE_TARNAME "kexec-tools"
| #define PACKAGE_VERSION "2.0.20"
| #define PACKAGE_STRING "kexec-tools 2.0.20"
| #define PACKAGE_BUGREPORT ""
| #define PACKAGE_URL ""
| #define STDC_HEADERS 1
| #define HAVE_SYS_TYPES_H 1
| #define HAVE_SYS_STAT_H 1
| #define HAVE_STDLIB_H 1
| #define HAVE_STRING_H 1
| #define HAVE_MEMORY_H 1
| #define HAVE_STRINGS_H 1
| #define HAVE_INTTYPES_H 1
| #define HAVE_STDINT_H 1
| #define HAVE_UNISTD_H 1
| /* end confdefs.h.  */
| 
| /* Override any GCC internal prototype to avoid an error.
|    Use char because int might match the return type of a GCC
|    builtin and then its argument prototype would still apply.  */
| #ifdef __cplusplus
| extern "C"
| #endif
| char inflateInit_ ();
| int
| main ()
| {
| return inflateInit_ ();
|   ;
|   return 0;
| }
configure:4673: result: no
configure:4683: zlib support disabled
configure:4693: checking lzma.h usability
configure:4693: aarch64-linux-gnu-gcc -c -g -O2  conftest.c >&5
conftest.c:52:10: fatal error: lzma.h: No such file or directory
 #include <lzma.h>
          ^~~~~~~~
compilation terminated.
configure:4693: $? = 1
configure: failed program was:
| /* confdefs.h */
| #define PACKAGE_NAME "kexec-tools"
| #define PACKAGE_TARNAME "kexec-tools"
| #define PACKAGE_VERSION "2.0.20"
| #define PACKAGE_STRING "kexec-tools 2.0.20"
| #define PACKAGE_BUGREPORT ""
| #define PACKAGE_URL ""
| #define STDC_HEADERS 1
| #define HAVE_SYS_TYPES_H 1
| #define HAVE_SYS_STAT_H 1
| #define HAVE_STDLIB_H 1
| #define HAVE_STRING_H 1
| #define HAVE_MEMORY_H 1
| #define HAVE_STRINGS_H 1
| #define HAVE_INTTYPES_H 1
| #define HAVE_STDINT_H 1
| #define HAVE_UNISTD_H 1
| /* end confdefs.h.  */
| #include <stdio.h>
| #ifdef HAVE_SYS_TYPES_H
| # include <sys/types.h>
| #endif
| #ifdef HAVE_SYS_STAT_H
| # include <sys/stat.h>
| #endif
| #ifdef STDC_HEADERS
| # include <stdlib.h>
| # include <stddef.h>
| #else
| # ifdef HAVE_STDLIB_H
| #  include <stdlib.h>
| # endif
| #endif
| #ifdef HAVE_STRING_H
| # if !defined STDC_HEADERS && defined HAVE_MEMORY_H
| #  include <memory.h>
| # endif
| # include <string.h>
| #endif
| #ifdef HAVE_STRINGS_H
| # include <strings.h>
| #endif
| #ifdef HAVE_INTTYPES_H
| # include <inttypes.h>
| #endif
| #ifdef HAVE_STDINT_H
| # include <stdint.h>
| #endif
| #ifdef HAVE_UNISTD_H
| # include <unistd.h>
| #endif
| #include <lzma.h>
configure:4693: result: no
configure:4693: checking lzma.h presence
configure:4693: aarch64-linux-gnu-gcc -E  conftest.c
conftest.c:19:10: fatal error: lzma.h: No such file or directory
 #include <lzma.h>
          ^~~~~~~~
compilation terminated.
configure:4693: $? = 1
configure: failed program was:
| /* confdefs.h */
| #define PACKAGE_NAME "kexec-tools"
| #define PACKAGE_TARNAME "kexec-tools"
| #define PACKAGE_VERSION "2.0.20"
| #define PACKAGE_STRING "kexec-tools 2.0.20"
| #define PACKAGE_BUGREPORT ""
| #define PACKAGE_URL ""
| #define STDC_HEADERS 1
| #define HAVE_SYS_TYPES_H 1
| #define HAVE_SYS_STAT_H 1
| #define HAVE_STDLIB_H 1
| #define HAVE_STRING_H 1
| #define HAVE_MEMORY_H 1
| #define HAVE_STRINGS_H 1
| #define HAVE_INTTYPES_H 1
| #define HAVE_STDINT_H 1
| #define HAVE_UNISTD_H 1
| /* end confdefs.h.  */
| #include <lzma.h>
configure:4693: result: no
configure:4693: checking for lzma.h
configure:4693: result: no
configure:5109: creating ./config.status

## ---------------------- ##
## Running config.status. ##
## ---------------------- ##

This file was extended by kexec-tools config.status 2.0.20, which was
generated by GNU Autoconf 2.69.  Invocation command line was

  CONFIG_FILES    = 
  CONFIG_HEADERS  = 
  CONFIG_LINKS    = 
  CONFIG_COMMANDS = 
  $ ./config.status 

on Cloud

config.status:840: creating Makefile
config.status:840: creating include/config.h
config.status:1015: include/config.h is unchanged

## ---------------- ##
## Cache variables. ##
## ---------------- ##

ac_cv_build=x86_64-pc-linux-gnu
ac_cv_c_compiler_gnu=yes
ac_cv_env_CC_set=
ac_cv_env_CC_value=
ac_cv_env_CFLAGS_set=
ac_cv_env_CFLAGS_value=
ac_cv_env_CPPFLAGS_set=
ac_cv_env_CPPFLAGS_value=
ac_cv_env_CPP_set=
ac_cv_env_CPP_value=
ac_cv_env_LDFLAGS_set=set
ac_cv_env_LDFLAGS_value=-static
ac_cv_env_LIBS_set=
ac_cv_env_LIBS_value=
ac_cv_env_build_alias_set=set
ac_cv_env_build_alias_value=x86_64-linux-gnu
ac_cv_env_host_alias_set=set
ac_cv_env_host_alias_value=aarch64-linux-gnu
ac_cv_env_target_alias_set=set
ac_cv_env_target_alias_value=aarch64-linux-gnu
ac_cv_header_inttypes_h=yes
ac_cv_header_lzma_h=no
ac_cv_header_memory_h=yes
ac_cv_header_stdc=yes
ac_cv_header_stdint_h=yes
ac_cv_header_stdlib_h=yes
ac_cv_header_string_h=yes
ac_cv_header_strings_h=yes
ac_cv_header_sys_stat_h=yes
ac_cv_header_sys_types_h=yes
ac_cv_header_unistd_h=yes
ac_cv_header_zlib_h=yes
ac_cv_host=aarch64-unknown-linux-gnu
ac_cv_lib_z_inflateInit_=no
ac_cv_objext=o
ac_cv_path_EGREP='/bin/grep -E'
ac_cv_path_GREP=/bin/grep
ac_cv_path_install='/usr/bin/install -c'
ac_cv_prog_AR=aarch64-linux-gnu-ar
ac_cv_prog_AS=aarch64-linux-gnu-as
ac_cv_prog_BUILD_CC=x86_64-linux-gnu-gcc
ac_cv_prog_CC=aarch64-linux-gnu-gcc
ac_cv_prog_CP=cp
ac_cv_prog_CPP='aarch64-linux-gnu-gcc -E'
ac_cv_prog_DIRNAME=dirname
ac_cv_prog_FIND=find
ac_cv_prog_LD=aarch64-linux-gnu-ld
ac_cv_prog_LN=ln
ac_cv_prog_MKDIR=mkdir
ac_cv_prog_OBJCOPY=aarch64-linux-gnu-objcopy
ac_cv_prog_RM=rm
ac_cv_prog_RPMBUILD=rpmbuild
ac_cv_prog_SED=sed
ac_cv_prog_STRIP=aarch64-linux-gnu-strip
ac_cv_prog_TAR=tar
ac_cv_prog_XARGS=xargs
ac_cv_prog_cc_c89=
ac_cv_prog_cc_g=yes
ac_cv_target=aarch64-unknown-linux-gnu

## ----------------- ##
## Output variables. ##
## ----------------- ##

AR='aarch64-linux-gnu-ar'
ARCH='arm64'
AS='aarch64-linux-gnu-as'
ASFLAGS=''
BUILD_CC='x86_64-linux-gnu-gcc'
BUILD_CFLAGS='-O2 -Wall'
CC='aarch64-linux-gnu-gcc'
CFLAGS='-g -O2'
CP='cp'
CPP='aarch64-linux-gnu-gcc -E'
CPPFLAGS=''
DEFS='-DHAVE_CONFIG_H'
DIRNAME='dirname'
ECHO_C=''
ECHO_N='-n'
ECHO_T=''
EGREP='/bin/grep -E'
EXEEXT=''
FIND='find'
GREP='/bin/grep'
INSTALL='/usr/bin/install -c'
INSTALL_DATA='${INSTALL} -m 644'
INSTALL_PROGRAM='${INSTALL}'
INSTALL_SCRIPT='${INSTALL}'
LD='aarch64-linux-gnu-ld'
LDFLAGS='-static'
LIBOBJS=''
LIBS=''
LN='ln'
LTLIBOBJS=''
MKDIR='mkdir'
OBJCOPY='aarch64-linux-gnu-objcopy'
OBJDIR='/home/linux/work/linux-4.14/tools/kexec-tools-2.0.20/objdir-aarch64-linux-gnu'
OBJEXT='o'
PACKAGE_BUGREPORT=''
PACKAGE_NAME='kexec-tools'
PACKAGE_STRING='kexec-tools 2.0.20'
PACKAGE_TARNAME='kexec-tools'
PACKAGE_URL=''
PACKAGE_VERSION='2.0.20'
PATH_SEPARATOR=':'
PURGATORY_EXTRA_CFLAGS='-fno-zero-initialized-in-bss'
RM='rm'
RPMBUILD='rpmbuild'
SED='sed'
SHELL='/bin/sh'
STRIP='aarch64-linux-gnu-strip'
SUBARCH=''
TAR='tar'
TARGET_CC='aarch64-linux-gnu-gcc'
TARGET_CFLAGS='-O2 -Wall'
TARGET_LD='aarch64-linux-gnu-ld'
XARGS='xargs'
ac_ct_CC=''
bindir='${exec_prefix}/bin'
build='x86_64-pc-linux-gnu'
build_alias='x86_64-linux-gnu'
build_cpu='x86_64'
build_os='linux-gnu'
build_vendor='pc'
datadir='${datarootdir}'
datarootdir='${prefix}/share'
docdir='${datarootdir}/doc/${PACKAGE_TARNAME}'
dvidir='${docdir}'
exec_prefix='${prefix}'
host='aarch64-unknown-linux-gnu'
host_alias='aarch64-linux-gnu'
host_cpu='aarch64'
host_os='linux-gnu'
host_vendor='unknown'
htmldir='${docdir}'
includedir='${prefix}/include'
infodir='${datarootdir}/info'
libdir='${exec_prefix}/lib'
libexecdir='${exec_prefix}/libexec'
localedir='${datarootdir}/locale'
localstatedir='${prefix}/var'
mandir='${datarootdir}/man'
oldincludedir='/usr/include'
pdfdir='${docdir}'
prefix='/usr/local'
program_transform_name='s,x,x,'
psdir='${docdir}'
runstatedir='${localstatedir}/run'
sbindir='${exec_prefix}/sbin'
sharedstatedir='${prefix}/com'
sysconfdir='${prefix}/etc'
target='aarch64-unknown-linux-gnu'
target_alias='aarch64-linux-gnu'
target_cpu='aarch64'
target_os='linux-gnu'
target_vendor='unknown'

## ----------- ##
## confdefs.h. ##
## ----------- ##

/* confdefs.h */
#define PACKAGE_NAME "kexec-tools"
#define PACKAGE_TARNAME "kexec-tools"
#define PACKAGE_VERSION "2.0.20"
#define PACKAGE_STRING "kexec-tools 2.0.20"
#define PACKAGE_BUGREPORT ""
#define PACKAGE_URL ""
#define STDC_HEADERS 1
#define HAVE_SYS_TYPES_H 1
#define HAVE_SYS_STAT_H 1
#define HAVE_STDLIB_H 1
#define HAVE_STRING_H 1
#define HAVE_MEMORY_H 1
#define HAVE_STRINGS_H 1
#define HAVE_INTTYPES_H 1
#define HAVE_STDINT_H 1
#define HAVE_UNISTD_H 1

configure: exit 0
